\BOOKMARK [1][-]{section.1}{Biology\204Physiology}{}% 1
\BOOKMARK [2][-]{subsection.1.1}{Nerve and Muscle}{section.1}% 2
\BOOKMARK [2][-]{subsection.1.2}{Endocrinology}{section.1}% 3
\BOOKMARK [2][-]{subsection.1.3}{The Pituitary Gland}{section.1}% 4
\BOOKMARK [2][-]{subsection.1.4}{Immunology}{section.1}% 5
\BOOKMARK [2][-]{subsection.1.5}{Antibodies}{section.1}% 6
\BOOKMARK [2][-]{subsection.1.6}{T Cells}{section.1}% 7
\BOOKMARK [2][-]{subsection.1.7}{Immunology\204Generalized Review}{section.1}% 8
\BOOKMARK [1][-]{section.2}{General Chemistry}{}% 9
\BOOKMARK [2][-]{subsection.2.1}{Stoichiometry}{section.2}% 10
\BOOKMARK [2][-]{subsection.2.2}{Atomic Theory}{section.2}% 11
\BOOKMARK [2][-]{subsection.2.3}{Periodic Trends}{section.2}% 12
\BOOKMARK [2][-]{subsection.2.4}{Important Periodic Families}{section.2}% 13
\BOOKMARK [2][-]{subsection.2.5}{Electrochemistry}{section.2}% 14
\BOOKMARK [2][-]{subsection.2.6}{Gases and Gas Laws}{section.2}% 15
\BOOKMARK [2][-]{subsection.2.7}{Phases and Phase Changes}{section.2}% 16
\BOOKMARK [1][-]{section.3}{Organic Chemistry of Biological Systems}{}% 17
\BOOKMARK [2][-]{subsection.3.1}{Molecular Structure}{section.3}% 18
\BOOKMARK [2][-]{subsection.3.2}{Isomers and Stereochemistry}{section.3}% 19
\BOOKMARK [2][-]{subsection.3.3}{Nucleophilic Substitution}{section.3}% 20
\BOOKMARK [1][-]{section.4}{Physics}{}% 21
\BOOKMARK [2][-]{subsection.4.1}{Translational Motion}{section.4}% 22
\BOOKMARK [2][-]{subsection.4.2}{Forces and Torque}{section.4}% 23
\BOOKMARK [2][-]{subsection.4.3}{Work and Energy}{section.4}% 24
\BOOKMARK [2][-]{subsection.4.4}{Periodic Motion}{section.4}% 25
\BOOKMARK [2][-]{subsection.4.5}{Fluids and Fluid Statics}{section.4}% 26
\BOOKMARK [2][-]{subsection.4.6}{Viscosity and Poiseuille's Principle}{section.4}% 27
\BOOKMARK [2][-]{subsection.4.7}{Continuity Equation}{section.4}% 28
\BOOKMARK [2][-]{subsection.4.8}{Bernoulli's Equation}{section.4}% 29
\BOOKMARK [2][-]{subsection.4.9}{Turbulence}{section.4}% 30
\BOOKMARK [1][-]{section.5}{Biochemistry and Molecular Cell Biology}{}% 31
\BOOKMARK [2][-]{subsection.5.1}{Amino Acids and Proteins}{section.5}% 32
\BOOKMARK [2][-]{subsection.5.2}{Carbohydrates \046 Lipids}{section.5}% 33
\BOOKMARK [2][-]{subsection.5.3}{D- and L- Isomers}{section.5}% 34
\BOOKMARK [2][-]{subsection.5.4}{Monosaccharides, Oligosaccharides, and Polysaccharides}{section.5}% 35
\BOOKMARK [2][-]{subsection.5.5}{Lipids}{section.5}% 36
\BOOKMARK [2][-]{subsection.5.6}{Cellular Reproduction and Chromosomes\204Eukaryotic Cells}{section.5}% 37
\BOOKMARK [2][-]{subsection.5.7}{Meiosis}{section.5}% 38
\BOOKMARK [2][-]{subsection.5.8}{Biomembranes and Membrane Transport}{section.5}% 39
\BOOKMARK [2][-]{subsection.5.9}{Nucleus, Nucleolus, \046 Ribosomes}{section.5}% 40
\BOOKMARK [2][-]{subsection.5.10}{Endoplasmic Reticulum, Golgi Apparatus, \046 Lysosomes}{section.5}% 41
\BOOKMARK [2][-]{subsection.5.11}{Signal Hypothesis}{section.5}% 42
\BOOKMARK [2][-]{subsection.5.12}{Cytoskeleton}{section.5}% 43
\BOOKMARK [2][-]{subsection.5.13}{Prokaryotic Cells}{section.5}% 44
\BOOKMARK [2][-]{subsection.5.14}{Viruses}{section.5}% 45
\BOOKMARK [2][-]{subsection.5.15}{Genetic Information\204Classical Genetics}{section.5}% 46
\BOOKMARK [2][-]{subsection.5.16}{Genetic Loci \046 Alleles}{section.5}% 47
\BOOKMARK [2][-]{subsection.5.17}{Pedigrees \046 DNA}{section.5}% 48
\BOOKMARK [2][-]{subsection.5.18}{DNA Synthesis}{section.5}% 49
